Performing system checks...

System check identified no issues (0 silenced).
September 27, 2025 - 05:18:31
Django version 5.2.4, using settings 'restaurant_backend.settings'
Starting development server at http://0.0.0.0:8000/
Quit the server with CTRL-BREAK.

WARNING: This is a development server. Do not use it in a production setting. Use a production WSGI or ASGI server instead.
For more information on production servers see: https://docs.djangoproject.com/en/5.2/howto/deployment/
Performing system checks...

System check identified no issues (0 silenced).
September 27, 2025 - 05:23:38
Django version 5.2.4, using settings 'restaurant_backend.settings'
Starting development server at http://0.0.0.0:8080/
Quit the server with CTRL-BREAK.

WARNING: This is a development server. Do not use it in a production setting. Use a production WSGI or ASGI server instead.
For more information on production servers see: https://docs.djangoproject.com/en/5.2/howto/deployment/
Performing system checks...

System check identified no issues (0 silenced).
September 28, 2025 - 02:43:09
Django version 5.2.4, using settings 'restaurant_backend.settings'
Starting development server at http://0.0.0.0:8080/
Quit the server with CTRL-BREAK.

WARNING: This is a development server. Do not use it in a production setting. Use a production WSGI or ASGI server instead.
For more information on production servers see: https://docs.djangoproject.com/en/5.2/howto/deployment/
Performing system checks...

System check identified no issues (0 silenced).
September 28, 2025 - 04:26:16
Django version 5.2.4, using settings 'restaurant_backend.settings'
Starting development server at http://0.0.0.0:8080/
Quit the server with CTRL-BREAK.

WARNING: This is a development server. Do not use it in a production setting. Use a production WSGI or ASGI server instead.
For more information on production servers see: https://docs.djangoproject.com/en/5.2/howto/deployment/
Performing system checks...

System check identified no issues (0 silenced).
September 28, 2025 - 04:33:18
Django version 5.2.4, using settings 'restaurant_backend.settings'
Starting development server at http://0.0.0.0:8080/
Quit the server with CTRL-BREAK.

WARNING: This is a development server. Do not use it in a production setting. Use a production WSGI or ASGI server instead.
For more information on production servers see: https://docs.djangoproject.com/en/5.2/howto/deployment/
Performing system checks...

System check identified no issues (0 silenced).
October 02, 2025 - 00:38:57
Django version 5.2.4, using settings 'restaurant_backend.settings'
Starting development server at http://0.0.0.0:8080/
Quit the server with CTRL-BREAK.

WARNING: This is a development server. Do not use it in a production setting. Use a production WSGI or ASGI server instead.
For more information on production servers see: https://docs.djangoproject.com/en/5.2/howto/deployment/
Performing system checks...

System check identified no issues (0 silenced).
October 06, 2025 - 04:29:07
Django version 5.2.4, using settings 'restaurant_backend.settings'
Starting development server at http://0.0.0.0:8080/
Quit the server with CTRL-BREAK.

WARNING: This is a development server. Do not use it in a production setting. Use a production WSGI or ASGI server instead.
For more information on production servers see: https://docs.djangoproject.com/en/5.2/howto/deployment/
Performing system checks...

System check identified no issues (0 silenced).
October 07, 2025 - 09:13:47
Django version 5.2.4, using settings 'restaurant_backend.settings'
Starting development server at http://0.0.0.0:8080/
Quit the server with CTRL-BREAK.

WARNING: This is a development server. Do not use it in a production setting. Use a production WSGI or ASGI server instead.
For more information on production servers see: https://docs.djangoproject.com/en/5.2/howto/deployment/
Performing system checks...

System check identified no issues (0 silenced).
October 07, 2025 - 09:15:08
Django version 5.2.4, using settings 'restaurant_backend.settings'
Starting development server at http://0.0.0.0:8080/
Quit the server with CTRL-BREAK.

WARNING: This is a development server. Do not use it in a production setting. Use a production WSGI or ASGI server instead.
For more information on production servers see: https://docs.djangoproject.com/en/5.2/howto/deployment/
Performing system checks...

System check identified no issues (0 silenced).
October 08, 2025 - 01:06:46
Django version 5.2.4, using settings 'restaurant_backend.settings'
Starting development server at http://0.0.0.0:8080/
Quit the server with CTRL-BREAK.

WARNING: This is a development server. Do not use it in a production setting. Use a production WSGI or ASGI server instead.
For more information on production servers see: https://docs.djangoproject.com/en/5.2/howto/deployment/
Performing system checks...

Performing system checks...

Performing system checks...

System check identified no issues (0 silenced).
October 08, 2025 - 01:10:16
Django version 5.2.4, using settings 'restaurant_backend.settings'
Starting development server at http://0.0.0.0:8080/
Quit the server with CTRL-BREAK.

WARNING: This is a development server. Do not use it in a production setting. Use a production WSGI or ASGI server instead.
For more information on production servers see: https://docs.djangoproject.com/en/5.2/howto/deployment/
Performing system checks...

System check identified no issues (0 silenced).
October 08, 2025 - 01:18:02
Django version 5.2.4, using settings 'restaurant_backend.settings'
Starting development server at http://0.0.0.0:8080/
Quit the server with CTRL-BREAK.

WARNING: This is a development server. Do not use it in a production setting. Use a production WSGI or ASGI server instead.
For more information on production servers see: https://docs.djangoproject.com/en/5.2/howto/deployment/
Performing system checks...

System check identified no issues (0 silenced).
October 08, 2025 - 03:33:07
Django version 5.2.4, using settings 'restaurant_backend.settings'
Starting development server at http://0.0.0.0:8080/
Quit the server with CTRL-BREAK.

WARNING: This is a development server. Do not use it in a production setting. Use a production WSGI or ASGI server instead.
For more information on production servers see: https://docs.djangoproject.com/en/5.2/howto/deployment/
Performing system checks...

System check identified no issues (0 silenced).
October 09, 2025 - 02:17:33
Django version 5.2.4, using settings 'restaurant_backend.settings'
Starting development server at http://0.0.0.0:8080/
Quit the server with CTRL-BREAK.

WARNING: This is a development server. Do not use it in a production setting. Use a production WSGI or ASGI server instead.
For more information on production servers see: https://docs.djangoproject.com/en/5.2/howto/deployment/
Performing system checks...

System check identified no issues (0 silenced).
October 11, 2025 - 00:30:00
Django version 5.2.4, using settings 'restaurant_backend.settings'
Starting development server at http://0.0.0.0:8080/
Quit the server with CTRL-BREAK.

WARNING: This is a development server. Do not use it in a production setting. Use a production WSGI or ASGI server instead.
For more information on production servers see: https://docs.djangoproject.com/en/5.2/howto/deployment/
Performing system checks...

System check identified no issues (0 silenced).
October 11, 2025 - 00:30:31
Django version 5.2.4, using settings 'restaurant_backend.settings'
Starting development server at http://0.0.0.0:8080/
Quit the server with CTRL-BREAK.

WARNING: This is a development server. Do not use it in a production setting. Use a production WSGI or ASGI server instead.
For more information on production servers see: https://docs.djangoproject.com/en/5.2/howto/deployment/
Performing system checks...

System check identified no issues (0 silenced).
October 18, 2025 - 18:59:14
Django version 5.2.4, using settings 'restaurant_backend.settings'
Starting development server at http://0.0.0.0:8080/
Quit the server with CTRL-BREAK.

WARNING: This is a development server. Do not use it in a production setting. Use a production WSGI or ASGI server instead.
For more information on production servers see: https://docs.djangoproject.com/en/5.2/howto/deployment/
Performing system checks...

System check identified no issues (0 silenced).
October 19, 2025 - 06:46:42
Django version 5.2.4, using settings 'restaurant_backend.settings'
Starting development server at http://0.0.0.0:8080/
Quit the server with CTRL-BREAK.

WARNING: This is a development server. Do not use it in a production setting. Use a production WSGI or ASGI server instead.
For more information on production servers see: https://docs.djangoproject.com/en/5.2/howto/deployment/
Performing system checks...

System check identified no issues (0 silenced).
October 22, 2025 - 02:17:59
Django version 5.2.4, using settings 'restaurant_backend.settings'
Starting development server at http://0.0.0.0:8080/
Quit the server with CTRL-BREAK.

WARNING: This is a development server. Do not use it in a production setting. Use a production WSGI or ASGI server instead.
For more information on production servers see: https://docs.djangoproject.com/en/5.2/howto/deployment/
Performing system checks...

System check identified no issues (0 silenced).
October 30, 2025 - 01:10:58
Django version 5.2.4, using settings 'restaurant_backend.settings'
Starting development server at http://0.0.0.0:8080/
Quit the server with CTRL-BREAK.

WARNING: This is a development server. Do not use it in a production setting. Use a production WSGI or ASGI server instead.
For more information on production servers see: https://docs.djangoproject.com/en/5.2/howto/deployment/
Performing system checks...

System check identified no issues (0 silenced).
October 31, 2025 - 12:34:41
Django version 5.2.4, using settings 'restaurant_backend.settings'
Starting development server at http://0.0.0.0:8080/
Quit the server with CTRL-BREAK.

WARNING: This is a development server. Do not use it in a production setting. Use a production WSGI or ASGI server instead.
For more information on production servers see: https://docs.djangoproject.com/en/5.2/howto/deployment/
Performing system checks...

System check identified no issues (0 silenced).
October 31, 2025 - 12:37:35
Django version 5.2.4, using settings 'restaurant_backend.settings'
Starting development server at http://0.0.0.0:8080/
Quit the server with CTRL-BREAK.

WARNING: This is a development server. Do not use it in a production setting. Use a production WSGI or ASGI server instead.
For more information on production servers see: https://docs.djangoproject.com/en/5.2/howto/deployment/
Performing system checks...

System check identified no issues (0 silenced).
October 31, 2025 - 12:39:36
Django version 5.2.4, using settings 'restaurant_backend.settings'
Starting development server at http://0.0.0.0:8080/
Quit the server with CTRL-BREAK.

WARNING: This is a development server. Do not use it in a production setting. Use a production WSGI or ASGI server instead.
For more information on production servers see: https://docs.djangoproject.com/en/5.2/howto/deployment/
Performing system checks...

System check identified no issues (0 silenced).
October 31, 2025 - 12:39:50
Django version 5.2.4, using settings 'restaurant_backend.settings'
Starting development server at http://0.0.0.0:8080/
Quit the server with CTRL-BREAK.

WARNING: This is a development server. Do not use it in a production setting. Use a production WSGI or ASGI server instead.
For more information on production servers see: https://docs.djangoproject.com/en/5.2/howto/deployment/
Performing system checks...

System check identified no issues (0 silenced).
October 31, 2025 - 12:43:20
Django version 5.2.4, using settings 'restaurant_backend.settings'
Starting development server at http://0.0.0.0:8080/
Quit the server with CTRL-BREAK.

WARNING: This is a development server. Do not use it in a production setting. Use a production WSGI or ASGI server instead.
For more information on production servers see: https://docs.djangoproject.com/en/5.2/howto/deployment/
Performing system checks...

System check identified no issues (0 silenced).
October 31, 2025 - 12:43:33
Django version 5.2.4, using settings 'restaurant_backend.settings'
Starting development server at http://0.0.0.0:8080/
Quit the server with CTRL-BREAK.

WARNING: This is a development server. Do not use it in a production setting. Use a production WSGI or ASGI server instead.
For more information on production servers see: https://docs.djangoproject.com/en/5.2/howto/deployment/
Performing system checks...

System check identified no issues (0 silenced).
October 31, 2025 - 12:43:48
Django version 5.2.4, using settings 'restaurant_backend.settings'
Starting development server at http://0.0.0.0:8080/
Quit the server with CTRL-BREAK.

WARNING: This is a development server. Do not use it in a production setting. Use a production WSGI or ASGI server instead.
For more information on production servers see: https://docs.djangoproject.com/en/5.2/howto/deployment/
Performing system checks...

System check identified no issues (0 silenced).
October 31, 2025 - 12:45:06
Django version 5.2.4, using settings 'restaurant_backend.settings'
Starting development server at http://0.0.0.0:8080/
Quit the server with CTRL-BREAK.

WARNING: This is a development server. Do not use it in a production setting. Use a production WSGI or ASGI server instead.
For more information on production servers see: https://docs.djangoproject.com/en/5.2/howto/deployment/
Performing system checks...

System check identified no issues (0 silenced).
October 31, 2025 - 12:45:27
Django version 5.2.4, using settings 'restaurant_backend.settings'
Starting development server at http://0.0.0.0:8080/
Quit the server with CTRL-BREAK.

WARNING: This is a development server. Do not use it in a production setting. Use a production WSGI or ASGI server instead.
For more information on production servers see: https://docs.djangoproject.com/en/5.2/howto/deployment/
Performing system checks...

System check identified no issues (0 silenced).
October 31, 2025 - 12:45:39
Django version 5.2.4, using settings 'restaurant_backend.settings'
Starting development server at http://0.0.0.0:8080/
Quit the server with CTRL-BREAK.

WARNING: This is a development server. Do not use it in a production setting. Use a production WSGI or ASGI server instead.
For more information on production servers see: https://docs.djangoproject.com/en/5.2/howto/deployment/
Performing system checks...

System check identified no issues (0 silenced).
October 31, 2025 - 12:51:56
Django version 5.2.4, using settings 'restaurant_backend.settings'
Starting development server at http://0.0.0.0:8080/
Quit the server with CTRL-BREAK.

WARNING: This is a development server. Do not use it in a production setting. Use a production WSGI or ASGI server instead.
For more information on production servers see: https://docs.djangoproject.com/en/5.2/howto/deployment/
Performing system checks...

System check identified no issues (0 silenced).
November 01, 2025 - 00:08:18
Django version 5.2.4, using settings 'restaurant_backend.settings'
Starting development server at http://0.0.0.0:8080/
Quit the server with CTRL-BREAK.

WARNING: This is a development server. Do not use it in a production setting. Use a production WSGI or ASGI server instead.
For more information on production servers see: https://docs.djangoproject.com/en/5.2/howto/deployment/
Performing system checks...

System check identified no issues (0 silenced).
November 01, 2025 - 01:04:22
Django version 5.2.4, using settings 'restaurant_backend.settings'
Starting development server at http://0.0.0.0:8080/
Quit the server with CTRL-BREAK.

WARNING: This is a development server. Do not use it in a production setting. Use a production WSGI or ASGI server instead.
For more information on production servers see: https://docs.djangoproject.com/en/5.2/howto/deployment/
Performing system checks...

System check identified no issues (0 silenced).
November 01, 2025 - 01:04:33
Django version 5.2.4, using settings 'restaurant_backend.settings'
Starting development server at http://0.0.0.0:8080/
Quit the server with CTRL-BREAK.

WARNING: This is a development server. Do not use it in a production setting. Use a production WSGI or ASGI server instead.
For more information on production servers see: https://docs.djangoproject.com/en/5.2/howto/deployment/
Performing system checks...

System check identified no issues (0 silenced).
November 01, 2025 - 01:04:39
Django version 5.2.4, using settings 'restaurant_backend.settings'
Starting development server at http://0.0.0.0:8080/
Quit the server with CTRL-BREAK.

WARNING: This is a development server. Do not use it in a production setting. Use a production WSGI or ASGI server instead.
For more information on production servers see: https://docs.djangoproject.com/en/5.2/howto/deployment/
Performing system checks...

System check identified no issues (0 silenced).
November 01, 2025 - 01:05:34
Django version 5.2.4, using settings 'restaurant_backend.settings'
Starting development server at http://0.0.0.0:8080/
Quit the server with CTRL-BREAK.

WARNING: This is a development server. Do not use it in a production setting. Use a production WSGI or ASGI server instead.
For more information on production servers see: https://docs.djangoproject.com/en/5.2/howto/deployment/
Performing system checks...

System check identified no issues (0 silenced).
November 01, 2025 - 01:31:16
Django version 5.2.4, using settings 'restaurant_backend.settings'
Starting development server at http://0.0.0.0:8080/
Quit the server with CTRL-BREAK.

WARNING: This is a development server. Do not use it in a production setting. Use a production WSGI or ASGI server instead.
For more information on production servers see: https://docs.djangoproject.com/en/5.2/howto/deployment/
Performing system checks...

System check identified no issues (0 silenced).
November 01, 2025 - 01:32:04
Django version 5.2.4, using settings 'restaurant_backend.settings'
Starting development server at http://0.0.0.0:8080/
Quit the server with CTRL-BREAK.

WARNING: This is a development server. Do not use it in a production setting. Use a production WSGI or ASGI server instead.
For more information on production servers see: https://docs.djangoproject.com/en/5.2/howto/deployment/
Performing system checks...

System check identified no issues (0 silenced).
November 01, 2025 - 01:32:17
Django version 5.2.4, using settings 'restaurant_backend.settings'
Starting development server at http://0.0.0.0:8080/
Quit the server with CTRL-BREAK.

WARNING: This is a development server. Do not use it in a production setting. Use a production WSGI or ASGI server instead.
For more information on production servers see: https://docs.djangoproject.com/en/5.2/howto/deployment/
Performing system checks...

System check identified no issues (0 silenced).
November 01, 2025 - 01:32:25
Django version 5.2.4, using settings 'restaurant_backend.settings'
Starting development server at http://0.0.0.0:8080/
Quit the server with CTRL-BREAK.

WARNING: This is a development server. Do not use it in a production setting. Use a production WSGI or ASGI server instead.
For more information on production servers see: https://docs.djangoproject.com/en/5.2/howto/deployment/
Performing system checks...

System check identified no issues (0 silenced).
November 01, 2025 - 01:32:38
Django version 5.2.4, using settings 'restaurant_backend.settings'
Starting development server at http://0.0.0.0:8080/
Quit the server with CTRL-BREAK.

WARNING: This is a development server. Do not use it in a production setting. Use a production WSGI or ASGI server instead.
For more information on production servers see: https://docs.djangoproject.com/en/5.2/howto/deployment/
Performing system checks...

System check identified no issues (0 silenced).
November 01, 2025 - 01:32:44
Django version 5.2.4, using settings 'restaurant_backend.settings'
Starting development server at http://0.0.0.0:8080/
Quit the server with CTRL-BREAK.

WARNING: This is a development server. Do not use it in a production setting. Use a production WSGI or ASGI server instead.
For more information on production servers see: https://docs.djangoproject.com/en/5.2/howto/deployment/
Performing system checks...

System check identified no issues (0 silenced).
November 01, 2025 - 01:33:48
Django version 5.2.4, using settings 'restaurant_backend.settings'
Starting development server at http://0.0.0.0:8080/
Quit the server with CTRL-BREAK.

WARNING: This is a development server. Do not use it in a production setting. Use a production WSGI or ASGI server instead.
For more information on production servers see: https://docs.djangoproject.com/en/5.2/howto/deployment/
Performing system checks...

System check identified no issues (0 silenced).
November 01, 2025 - 01:34:14
Django version 5.2.4, using settings 'restaurant_backend.settings'
Starting development server at http://0.0.0.0:8080/
Quit the server with CTRL-BREAK.

WARNING: This is a development server. Do not use it in a production setting. Use a production WSGI or ASGI server instead.
For more information on production servers see: https://docs.djangoproject.com/en/5.2/howto/deployment/
Performing system checks...

System check identified no issues (0 silenced).
November 01, 2025 - 01:34:34
Django version 5.2.4, using settings 'restaurant_backend.settings'
Starting development server at http://0.0.0.0:8080/
Quit the server with CTRL-BREAK.

WARNING: This is a development server. Do not use it in a production setting. Use a production WSGI or ASGI server instead.
For more information on production servers see: https://docs.djangoproject.com/en/5.2/howto/deployment/
Performing system checks...

System check identified no issues (0 silenced).
November 01, 2025 - 01:34:40
Django version 5.2.4, using settings 'restaurant_backend.settings'
Starting development server at http://0.0.0.0:8080/
Quit the server with CTRL-BREAK.

WARNING: This is a development server. Do not use it in a production setting. Use a production WSGI or ASGI server instead.
For more information on production servers see: https://docs.djangoproject.com/en/5.2/howto/deployment/
Performing system checks...

System check identified no issues (0 silenced).
November 01, 2025 - 01:34:48
Django version 5.2.4, using settings 'restaurant_backend.settings'
Starting development server at http://0.0.0.0:8080/
Quit the server with CTRL-BREAK.

WARNING: This is a development server. Do not use it in a production setting. Use a production WSGI or ASGI server instead.
For more information on production servers see: https://docs.djangoproject.com/en/5.2/howto/deployment/
Performing system checks...

System check identified no issues (0 silenced).
November 01, 2025 - 01:35:29
Django version 5.2.4, using settings 'restaurant_backend.settings'
Starting development server at http://0.0.0.0:8080/
Quit the server with CTRL-BREAK.

WARNING: This is a development server. Do not use it in a production setting. Use a production WSGI or ASGI server instead.
For more information on production servers see: https://docs.djangoproject.com/en/5.2/howto/deployment/
Performing system checks...

System check identified no issues (0 silenced).
November 01, 2025 - 01:39:11
Django version 5.2.4, using settings 'restaurant_backend.settings'
Starting development server at http://0.0.0.0:8080/
Quit the server with CTRL-BREAK.

WARNING: This is a development server. Do not use it in a production setting. Use a production WSGI or ASGI server instead.
For more information on production servers see: https://docs.djangoproject.com/en/5.2/howto/deployment/
Performing system checks...

System check identified no issues (0 silenced).
November 01, 2025 - 01:39:23
Django version 5.2.4, using settings 'restaurant_backend.settings'
Starting development server at http://0.0.0.0:8080/
Quit the server with CTRL-BREAK.

WARNING: This is a development server. Do not use it in a production setting. Use a production WSGI or ASGI server instead.
For more information on production servers see: https://docs.djangoproject.com/en/5.2/howto/deployment/
Performing system checks...

System check identified no issues (0 silenced).
November 01, 2025 - 01:39:47
Django version 5.2.4, using settings 'restaurant_backend.settings'
Starting development server at http://0.0.0.0:8080/
Quit the server with CTRL-BREAK.

WARNING: This is a development server. Do not use it in a production setting. Use a production WSGI or ASGI server instead.
For more information on production servers see: https://docs.djangoproject.com/en/5.2/howto/deployment/
Performing system checks...

System check identified no issues (0 silenced).
November 01, 2025 - 02:04:30
Django version 5.2.4, using settings 'restaurant_backend.settings'
Starting development server at http://0.0.0.0:8080/
Quit the server with CTRL-BREAK.

WARNING: This is a development server. Do not use it in a production setting. Use a production WSGI or ASGI server instead.
For more information on production servers see: https://docs.djangoproject.com/en/5.2/howto/deployment/
Performing system checks...

System check identified no issues (0 silenced).
November 01, 2025 - 02:15:16
Django version 5.2.4, using settings 'restaurant_backend.settings'
Starting development server at http://0.0.0.0:8080/
Quit the server with CTRL-BREAK.

WARNING: This is a development server. Do not use it in a production setting. Use a production WSGI or ASGI server instead.
For more information on production servers see: https://docs.djangoproject.com/en/5.2/howto/deployment/
Performing system checks...

System check identified no issues (0 silenced).
November 01, 2025 - 02:15:27
Django version 5.2.4, using settings 'restaurant_backend.settings'
Starting development server at http://0.0.0.0:8080/
Quit the server with CTRL-BREAK.

WARNING: This is a development server. Do not use it in a production setting. Use a production WSGI or ASGI server instead.
For more information on production servers see: https://docs.djangoproject.com/en/5.2/howto/deployment/
Performing system checks...

System check identified no issues (0 silenced).
November 02, 2025 - 23:34:17
Django version 5.2.4, using settings 'restaurant_backend.settings'
Starting development server at http://0.0.0.0:8080/
Quit the server with CTRL-BREAK.

WARNING: This is a development server. Do not use it in a production setting. Use a production WSGI or ASGI server instead.
For more information on production servers see: https://docs.djangoproject.com/en/5.2/howto/deployment/
Performing system checks...

System check identified no issues (0 silenced).
November 05, 2025 - 05:07:10
Django version 5.2.4, using settings 'restaurant_backend.settings'
Starting development server at http://0.0.0.0:8080/
Quit the server with CTRL-BREAK.

WARNING: This is a development server. Do not use it in a production setting. Use a production WSGI or ASGI server instead.
For more information on production servers see: https://docs.djangoproject.com/en/5.2/howto/deployment/
Performing system checks...

System check identified no issues (0 silenced).
November 06, 2025 - 10:19:56
Django version 5.2.4, using settings 'restaurant_backend.settings'
Starting development server at http://0.0.0.0:8080/
Quit the server with CTRL-BREAK.

WARNING: This is a development server. Do not use it in a production setting. Use a production WSGI or ASGI server instead.
For more information on production servers see: https://docs.djangoproject.com/en/5.2/howto/deployment/
Performing system checks...

System check identified no issues (0 silenced).
November 12, 2025 - 18:19:58
Django version 5.2.4, using settings 'restaurant_backend.settings'
Starting development server at http://0.0.0.0:8080/
Quit the server with CTRL-BREAK.

WARNING: This is a development server. Do not use it in a production setting. Use a production WSGI or ASGI server instead.
For more information on production servers see: https://docs.djangoproject.com/en/5.2/howto/deployment/
Performing system checks...

System check identified no issues (0 silenced).
November 12, 2025 - 18:23:07
Django version 5.2.4, using settings 'restaurant_backend.settings'
Starting development server at http://0.0.0.0:8080/
Quit the server with CTRL-BREAK.

WARNING: This is a development server. Do not use it in a production setting. Use a production WSGI or ASGI server instead.
For more information on production servers see: https://docs.djangoproject.com/en/5.2/howto/deployment/
Performing system checks...

System check identified no issues (0 silenced).
November 17, 2025 - 04:00:42
Django version 5.2.4, using settings 'restaurant_backend.settings'
Starting development server at http://0.0.0.0:8080/
Quit the server with CTRL-BREAK.

WARNING: This is a development server. Do not use it in a production setting. Use a production WSGI or ASGI server instead.
For more information on production servers see: https://docs.djangoproject.com/en/5.2/howto/deployment/
Performing system checks...

System check identified no issues (0 silenced).
November 20, 2025 - 21:32:32
Django version 5.2.4, using settings 'restaurant_backend.settings'
Starting development server at http://0.0.0.0:8080/
Quit the server with CTRL-BREAK.

WARNING: This is a development server. Do not use it in a production setting. Use a production WSGI or ASGI server instead.
For more information on production servers see: https://docs.djangoproject.com/en/5.2/howto/deployment/
Performing system checks...

System check identified no issues (0 silenced).
November 26, 2025 - 02:21:43
Django version 5.2.4, using settings 'restaurant_backend.settings'
Starting development server at http://0.0.0.0:8080/
Quit the server with CTRL-BREAK.

WARNING: This is a development server. Do not use it in a production setting. Use a production WSGI or ASGI server instead.
For more information on production servers see: https://docs.djangoproject.com/en/5.2/howto/deployment/
Performing system checks...

System check identified no issues (0 silenced).
November 29, 2025 - 20:55:17
Django version 5.2.4, using settings 'restaurant_backend.settings'
Starting development server at http://0.0.0.0:8080/
Quit the server with CTRL-BREAK.

WARNING: This is a development server. Do not use it in a production setting. Use a production WSGI or ASGI server instead.
For more information on production servers see: https://docs.djangoproject.com/en/5.2/howto/deployment/
Performing system checks...

System check identified no issues (0 silenced).
November 29, 2025 - 23:00:08
Django version 5.2.4, using settings 'restaurant_backend.settings'
Starting development server at http://0.0.0.0:8080/
Quit the server with CTRL-BREAK.

WARNING: This is a development server. Do not use it in a production setting. Use a production WSGI or ASGI server instead.
For more information on production servers see: https://docs.djangoproject.com/en/5.2/howto/deployment/
Performing system checks...

System check identified no issues (0 silenced).
November 30, 2025 - 08:47:02
Django version 5.2.4, using settings 'restaurant_backend.settings'
Starting development server at http://0.0.0.0:8080/
Quit the server with CTRL-BREAK.

WARNING: This is a development server. Do not use it in a production setting. Use a production WSGI or ASGI server instead.
For more information on production servers see: https://docs.djangoproject.com/en/5.2/howto/deployment/
Performing system checks...

System check identified no issues (0 silenced).
December 01, 2025 - 03:16:09
Django version 5.2.4, using settings 'restaurant_backend.settings'
Starting development server at http://0.0.0.0:8080/
Quit the server with CTRL-BREAK.

WARNING: This is a development server. Do not use it in a production setting. Use a production WSGI or ASGI server instead.
For more information on production servers see: https://docs.djangoproject.com/en/5.2/howto/deployment/
Performing system checks...

System check identified no issues (0 silenced).
December 02, 2025 - 00:18:21
Django version 5.2.4, using settings 'restaurant_backend.settings'
Starting development server at http://0.0.0.0:8080/
Quit the server with CTRL-BREAK.

WARNING: This is a development server. Do not use it in a production setting. Use a production WSGI or ASGI server instead.
For more information on production servers see: https://docs.djangoproject.com/en/5.2/howto/deployment/
Performing system checks...

System check identified no issues (0 silenced).
December 02, 2025 - 03:20:14
Django version 5.2.4, using settings 'restaurant_backend.settings'
Starting development server at http://0.0.0.0:8080/
Quit the server with CTRL-BREAK.

WARNING: This is a development server. Do not use it in a production setting. Use a production WSGI or ASGI server instead.
For more information on production servers see: https://docs.djangoproject.com/en/5.2/howto/deployment/
Performing system checks...

System check identified no issues (0 silenced).
December 03, 2025 - 05:03:16
Django version 5.2.4, using settings 'restaurant_backend.settings'
Starting development server at http://0.0.0.0:8080/
Quit the server with CTRL-BREAK.

WARNING: This is a development server. Do not use it in a production setting. Use a production WSGI or ASGI server instead.
For more information on production servers see: https://docs.djangoproject.com/en/5.2/howto/deployment/
Performing system checks...

System check identified no issues (0 silenced).
December 03, 2025 - 18:08:43
Django version 5.2.4, using settings 'restaurant_backend.settings'
Starting development server at http://0.0.0.0:8080/
Quit the server with CTRL-BREAK.

WARNING: This is a development server. Do not use it in a production setting. Use a production WSGI or ASGI server instead.
For more information on production servers see: https://docs.djangoproject.com/en/5.2/howto/deployment/
Performing system checks...

System check identified no issues (0 silenced).
December 04, 2025 - 01:50:18
Django version 5.2.4, using settings 'restaurant_backend.settings'
Starting development server at http://0.0.0.0:8080/
Quit the server with CTRL-BREAK.

WARNING: This is a development server. Do not use it in a production setting. Use a production WSGI or ASGI server instead.
For more information on production servers see: https://docs.djangoproject.com/en/5.2/howto/deployment/
Performing system checks...

System check identified no issues (0 silenced).
December 04, 2025 - 09:19:09
Django version 5.2.4, using settings 'restaurant_backend.settings'
Starting development server at http://0.0.0.0:8080/
Quit the server with CTRL-BREAK.

WARNING: This is a development server. Do not use it in a production setting. Use a production WSGI or ASGI server instead.
For more information on production servers see: https://docs.djangoproject.com/en/5.2/howto/deployment/
Performing system checks...

System check identified no issues (0 silenced).
December 04, 2025 - 22:52:59
Django version 5.2.4, using settings 'restaurant_backend.settings'
Starting development server at http://0.0.0.0:8080/
Quit the server with CTRL-BREAK.

WARNING: This is a development server. Do not use it in a production setting. Use a production WSGI or ASGI server instead.
For more information on production servers see: https://docs.djangoproject.com/en/5.2/howto/deployment/
Performing system checks...

System check identified no issues (0 silenced).
December 05, 2025 - 10:23:51
Django version 5.2.4, using settings 'restaurant_backend.settings'
Starting development server at http://0.0.0.0:8080/
Quit the server with CTRL-BREAK.

WARNING: This is a development server. Do not use it in a production setting. Use a production WSGI or ASGI server instead.
For more information on production servers see: https://docs.djangoproject.com/en/5.2/howto/deployment/
Performing system checks...

System check identified no issues (0 silenced).
December 10, 2025 - 08:33:28
Django version 5.2.4, using settings 'restaurant_backend.settings'
Starting development server at http://0.0.0.0:8080/
Quit the server with CTRL-BREAK.

WARNING: This is a development server. Do not use it in a production setting. Use a production WSGI or ASGI server instead.
For more information on production servers see: https://docs.djangoproject.com/en/5.2/howto/deployment/
Performing system checks...

System check identified no issues (0 silenced).
December 10, 2025 - 08:34:55
Django version 5.2.4, using settings 'restaurant_backend.settings'
Starting development server at http://0.0.0.0:8080/
Quit the server with CTRL-BREAK.

WARNING: This is a development server. Do not use it in a production setting. Use a production WSGI or ASGI server instead.
For more information on production servers see: https://docs.djangoproject.com/en/5.2/howto/deployment/
Performing system checks...

System check identified no issues (0 silenced).
December 13, 2025 - 23:58:32
Django version 5.2.4, using settings 'restaurant_backend.settings'
Starting development server at http://0.0.0.0:8080/
Quit the server with CTRL-BREAK.

WARNING: This is a development server. Do not use it in a production setting. Use a production WSGI or ASGI server instead.
For more information on production servers see: https://docs.djangoproject.com/en/5.2/howto/deployment/
Performing system checks...

System check identified no issues (0 silenced).
December 17, 2025 - 08:07:08
Django version 5.2.4, using settings 'restaurant_backend.settings'
Starting development server at http://0.0.0.0:8080/
Quit the server with CTRL-BREAK.

WARNING: This is a development server. Do not use it in a production setting. Use a production WSGI or ASGI server instead.
For more information on production servers see: https://docs.djangoproject.com/en/5.2/howto/deployment/
Performing system checks...

System check identified no issues (0 silenced).
December 20, 2025 - 20:28:17
Django version 5.2.4, using settings 'restaurant_backend.settings'
Starting development server at http://0.0.0.0:8080/
Quit the server with CTRL-BREAK.

WARNING: This is a development server. Do not use it in a production setting. Use a production WSGI or ASGI server instead.
For more information on production servers see: https://docs.djangoproject.com/en/5.2/howto/deployment/
Performing system checks...

System check identified no issues (0 silenced).
December 29, 2025 - 02:23:47
Django version 5.2.4, using settings 'restaurant_backend.settings'
Starting development server at http://0.0.0.0:8080/
Quit the server with CTRL-BREAK.

WARNING: This is a development server. Do not use it in a production setting. Use a production WSGI or ASGI server instead.
For more information on production servers see: https://docs.djangoproject.com/en/5.2/howto/deployment/
Performing system checks...

System check identified no issues (0 silenced).
January 02, 2026 - 00:33:54
Django version 5.2.4, using settings 'restaurant_backend.settings'
Starting development server at http://0.0.0.0:8080/
Quit the server with CTRL-BREAK.

WARNING: This is a development server. Do not use it in a production setting. Use a production WSGI or ASGI server instead.
For more information on production servers see: https://docs.djangoproject.com/en/5.2/howto/deployment/
Performing system checks...

System check identified no issues (0 silenced).
January 02, 2026 - 00:44:07
Django version 5.2.4, using settings 'restaurant_backend.settings'
Starting development server at http://0.0.0.0:8080/
Quit the server with CTRL-BREAK.

WARNING: This is a development server. Do not use it in a production setting. Use a production WSGI or ASGI server instead.
For more information on production servers see: https://docs.djangoproject.com/en/5.2/howto/deployment/
Performing system checks...

System check identified no issues (0 silenced).
January 04, 2026 - 23:55:06
Django version 5.2.4, using settings 'restaurant_backend.settings'
Starting development server at http://0.0.0.0:8080/
Quit the server with CTRL-BREAK.

WARNING: This is a development server. Do not use it in a production setting. Use a production WSGI or ASGI server instead.
For more information on production servers see: https://docs.djangoproject.com/en/5.2/howto/deployment/
Performing system checks...

System check identified no issues (0 silenced).
January 08, 2026 - 03:50:22
Django version 5.2.4, using settings 'restaurant_backend.settings'
Starting development server at http://0.0.0.0:8080/
Quit the server with CTRL-BREAK.

WARNING: This is a development server. Do not use it in a production setting. Use a production WSGI or ASGI server instead.
For more information on production servers see: https://docs.djangoproject.com/en/5.2/howto/deployment/
Performing system checks...

System check identified no issues (0 silenced).
January 17, 2026 - 02:19:06
Django version 5.2.4, using settings 'restaurant_backend.settings'
Starting development server at http://0.0.0.0:8080/
Quit the server with CTRL-BREAK.

WARNING: This is a development server. Do not use it in a production setting. Use a production WSGI or ASGI server instead.
For more information on production servers see: https://docs.djangoproject.com/en/5.2/howto/deployment/
Performing system checks...

System check identified no issues (0 silenced).
January 22, 2026 - 18:15:39
Django version 5.2.4, using settings 'restaurant_backend.settings'
Starting development server at http://0.0.0.0:8080/
Quit the server with CTRL-BREAK.

WARNING: This is a development server. Do not use it in a production setting. Use a production WSGI or ASGI server instead.
For more information on production servers see: https://docs.djangoproject.com/en/5.2/howto/deployment/
Performing system checks...

System check identified no issues (0 silenced).
January 22, 2026 - 18:16:34
Django version 5.2.4, using settings 'restaurant_backend.settings'
Starting development server at http://0.0.0.0:8080/
Quit the server with CTRL-BREAK.

WARNING: This is a development server. Do not use it in a production setting. Use a production WSGI or ASGI server instead.
For more information on production servers see: https://docs.djangoproject.com/en/5.2/howto/deployment/
Performing system checks...

System check identified no issues (0 silenced).
February 03, 2026 - 01:19:35
Django version 5.2.4, using settings 'restaurant_backend.settings'
Starting development server at http://0.0.0.0:8080/
Quit the server with CTRL-BREAK.

WARNING: This is a development server. Do not use it in a production setting. Use a production WSGI or ASGI server instead.
For more information on production servers see: https://docs.djangoproject.com/en/5.2/howto/deployment/
Performing system checks...

System check identified no issues (0 silenced).
February 08, 2026 - 01:58:46
Django version 5.2.4, using settings 'restaurant_backend.settings'
Starting development server at http://0.0.0.0:8080/
Quit the server with CTRL-BREAK.

WARNING: This is a development server. Do not use it in a production setting. Use a production WSGI or ASGI server instead.
For more information on production servers see: https://docs.djangoproject.com/en/5.2/howto/deployment/
Performing system checks...

System check identified no issues (0 silenced).
February 08, 2026 - 10:03:07
Django version 5.2.4, using settings 'restaurant_backend.settings'
Starting development server at http://0.0.0.0:8080/
Quit the server with CTRL-BREAK.

WARNING: This is a development server. Do not use it in a production setting. Use a production WSGI or ASGI server instead.
For more information on production servers see: https://docs.djangoproject.com/en/5.2/howto/deployment/
Performing system checks...

System check identified no issues (0 silenced).
February 11, 2026 - 23:55:31
Django version 5.2.4, using settings 'restaurant_backend.settings'
Starting development server at http://0.0.0.0:8080/
Quit the server with CTRL-BREAK.

WARNING: This is a development server. Do not use it in a production setting. Use a production WSGI or ASGI server instead.
For more information on production servers see: https://docs.djangoproject.com/en/5.2/howto/deployment/
Performing system checks...

System check identified no issues (0 silenced).
Performing system checks...

System check identified no issues (0 silenced).
February 12, 2026 - 18:49:17
Django version 5.2.4, using settings 'restaurant_backend.settings'
Starting development server at http://0.0.0.0:8080/
Quit the server with CTRL-BREAK.

WARNING: This is a development server. Do not use it in a production setting. Use a production WSGI or ASGI server instead.
For more information on production servers see: https://docs.djangoproject.com/en/5.2/howto/deployment/
Performing system checks...

System check identified no issues (0 silenced).
February 14, 2026 - 00:33:05
Django version 5.2.4, using settings 'restaurant_backend.settings'
Starting development server at http://0.0.0.0:8080/
Quit the server with CTRL-BREAK.

WARNING: This is a development server. Do not use it in a production setting. Use a production WSGI or ASGI server instead.
For more information on production servers see: https://docs.djangoproject.com/en/5.2/howto/deployment/
Performing system checks...

System check identified no issues (0 silenced).
February 14, 2026 - 22:52:15
Django version 5.2.4, using settings 'restaurant_backend.settings'
Starting development server at http://0.0.0.0:8080/
Quit the server with CTRL-BREAK.

WARNING: This is a development server. Do not use it in a production setting. Use a production WSGI or ASGI server instead.
For more information on production servers see: https://docs.djangoproject.com/en/5.2/howto/deployment/
Performing system checks...

System check identified no issues (0 silenced).
February 17, 2026 - 03:27:17
Django version 5.2.4, using settings 'restaurant_backend.settings'
Starting development server at http://0.0.0.0:8080/
Quit the server with CTRL-BREAK.

WARNING: This is a development server. Do not use it in a production setting. Use a production WSGI or ASGI server instead.
For more information on production servers see: https://docs.djangoproject.com/en/5.2/howto/deployment/
Performing system checks...

System check identified no issues (0 silenced).
February 21, 2026 - 01:41:21
Django version 5.2.4, using settings 'restaurant_backend.settings'
Starting development server at http://0.0.0.0:8080/
Quit the server with CTRL-BREAK.

WARNING: This is a development server. Do not use it in a production setting. Use a production WSGI or ASGI server instead.
For more information on production servers see: https://docs.djangoproject.com/en/5.2/howto/deployment/
Performing system checks...

System check identified no issues (0 silenced).
March 01, 2026 - 23:29:58
Django version 5.2.4, using settings 'restaurant_backend.settings'
Starting development server at http://0.0.0.0:8080/
Quit the server with CTRL-BREAK.

WARNING: This is a development server. Do not use it in a production setting. Use a production WSGI or ASGI server instead.
For more information on production servers see: https://docs.djangoproject.com/en/5.2/howto/deployment/
Performing system checks...

System check identified no issues (0 silenced).
March 03, 2026 - 23:56:36
Django version 5.2.4, using settings 'restaurant_backend.settings'
Starting development server at http://0.0.0.0:8080/
Quit the server with CTRL-BREAK.

WARNING: This is a development server. Do not use it in a production setting. Use a production WSGI or ASGI server instead.
For more information on production servers see: https://docs.djangoproject.com/en/5.2/howto/deployment/
Performing system checks...

System check identified no issues (0 silenced).
March 04, 2026 - 03:28:12
Django version 5.2.4, using settings 'restaurant_backend.settings'
Starting development server at http://0.0.0.0:8080/
Quit the server with CTRL-BREAK.

WARNING: This is a development server. Do not use it in a production setting. Use a production WSGI or ASGI server instead.
For more information on production servers see: https://docs.djangoproject.com/en/5.2/howto/deployment/
Performing system checks...

System check identified no issues (0 silenced).
March 05, 2026 - 00:01:55
Django version 5.2.4, using settings 'restaurant_backend.settings'
Starting development server at http://0.0.0.0:8080/
Quit the server with CTRL-BREAK.

WARNING: This is a development server. Do not use it in a production setting. Use a production WSGI or ASGI server instead.
For more information on production servers see: https://docs.djangoproject.com/en/5.2/howto/deployment/
Performing system checks...

System check identified no issues (0 silenced).
March 06, 2026 - 05:25:46
Django version 5.2.4, using settings 'restaurant_backend.settings'
Starting development server at http://0.0.0.0:8080/
Quit the server with CTRL-BREAK.

WARNING: This is a development server. Do not use it in a production setting. Use a production WSGI or ASGI server instead.
For more information on production servers see: https://docs.djangoproject.com/en/5.2/howto/deployment/
Performing system checks...

System check identified no issues (0 silenced).
March 06, 2026 - 06:21:22
Django version 5.2.4, using settings 'restaurant_backend.settings'
Starting development server at http://0.0.0.0:8080/
Quit the server with CTRL-BREAK.

WARNING: This is a development server. Do not use it in a production setting. Use a production WSGI or ASGI server instead.
For more information on production servers see: https://docs.djangoproject.com/en/5.2/howto/deployment/
Performing system checks...

System check identified no issues (0 silenced).
March 15, 2026 - 19:07:27
Django version 5.2.4, using settings 'restaurant_backend.settings'
Starting development server at http://0.0.0.0:8080/
Quit the server with CTRL-BREAK.

WARNING: This is a development server. Do not use it in a production setting. Use a production WSGI or ASGI server instead.
For more information on production servers see: https://docs.djangoproject.com/en/5.2/howto/deployment/
Performing system checks...

System check identified no issues (0 silenced).
March 15, 2026 - 19:08:24
Django version 5.2.4, using settings 'restaurant_backend.settings'
Starting development server at http://0.0.0.0:8080/
Quit the server with CTRL-BREAK.

WARNING: This is a development server. Do not use it in a production setting. Use a production WSGI or ASGI server instead.
For more information on production servers see: https://docs.djangoproject.com/en/5.2/howto/deployment/
Performing system checks...

System check identified no issues (0 silenced).
March 28, 2026 - 05:58:28
Django version 5.2.4, using settings 'restaurant_backend.settings'
Starting development server at http://0.0.0.0:8080/
Quit the server with CTRL-BREAK.

WARNING: This is a development server. Do not use it in a production setting. Use a production WSGI or ASGI server instead.
For more information on production servers see: https://docs.djangoproject.com/en/5.2/howto/deployment/
Performing system checks...

System check identified no issues (0 silenced).
April 11, 2026 - 04:21:39
Django version 5.2.4, using settings 'restaurant_backend.settings'
Starting development server at http://0.0.0.0:8080/
Quit the server with CTRL-BREAK.

WARNING: This is a development server. Do not use it in a production setting. Use a production WSGI or ASGI server instead.
For more information on production servers see: https://docs.djangoproject.com/en/5.2/howto/deployment/
Performing system checks...

System check identified no issues (0 silenced).
April 12, 2026 - 05:21:01
Django version 5.2.4, using settings 'restaurant_backend.settings'
Starting development server at http://0.0.0.0:8080/
Quit the server with CTRL-BREAK.

WARNING: This is a development server. Do not use it in a production setting. Use a production WSGI or ASGI server instead.
For more information on production servers see: https://docs.djangoproject.com/en/5.2/howto/deployment/
Performing system checks...

System check identified no issues (0 silenced).
April 12, 2026 - 11:41:38
Django version 5.2.4, using settings 'restaurant_backend.settings'
Starting development server at http://0.0.0.0:8080/
Quit the server with CTRL-BREAK.

WARNING: This is a development server. Do not use it in a production setting. Use a production WSGI or ASGI server instead.
For more information on production servers see: https://docs.djangoproject.com/en/5.2/howto/deployment/
Performing system checks...

System check identified no issues (0 silenced).
April 18, 2026 - 09:01:51
Django version 5.2.4, using settings 'restaurant_backend.settings'
Starting development server at http://0.0.0.0:8080/
Quit the server with CTRL-BREAK.

WARNING: This is a development server. Do not use it in a production setting. Use a production WSGI or ASGI server instead.
For more information on production servers see: https://docs.djangoproject.com/en/5.2/howto/deployment/
Performing system checks...

System check identified no issues (0 silenced).
April 18, 2026 - 12:07:28
Django version 5.2.4, using settings 'restaurant_backend.settings'
Starting development server at http://0.0.0.0:8080/
Quit the server with CTRL-BREAK.

WARNING: This is a development server. Do not use it in a production setting. Use a production WSGI or ASGI server instead.
For more information on production servers see: https://docs.djangoproject.com/en/5.2/howto/deployment/
Performing system checks...

System check identified no issues (0 silenced).
April 20, 2026 - 20:42:55
Django version 5.2.4, using settings 'restaurant_backend.settings'
Starting development server at http://0.0.0.0:8080/
Quit the server with CTRL-BREAK.

WARNING: This is a development server. Do not use it in a production setting. Use a production WSGI or ASGI server instead.
For more information on production servers see: https://docs.djangoproject.com/en/5.2/howto/deployment/
Performing system checks...

System check identified no issues (0 silenced).
April 20, 2026 - 20:44:05
Django version 5.2.4, using settings 'restaurant_backend.settings'
Starting development server at http://0.0.0.0:8080/
Quit the server with CTRL-BREAK.

WARNING: This is a development server. Do not use it in a production setting. Use a production WSGI or ASGI server instead.
For more information on production servers see: https://docs.djangoproject.com/en/5.2/howto/deployment/
Performing system checks...

System check identified no issues (0 silenced).
April 25, 2026 - 01:22:17
Django version 5.2.4, using settings 'restaurant_backend.settings'
Starting development server at http://0.0.0.0:8080/
Quit the server with CTRL-BREAK.

WARNING: This is a development server. Do not use it in a production setting. Use a production WSGI or ASGI server instead.
For more information on production servers see: https://docs.djangoproject.com/en/5.2/howto/deployment/
Performing system checks...

System check identified no issues (0 silenced).
April 28, 2026 - 12:24:05
Django version 5.2.4, using settings 'restaurant_backend.settings'
Starting development server at http://0.0.0.0:8080/
Quit the server with CTRL-BREAK.

WARNING: This is a development server. Do not use it in a production setting. Use a production WSGI or ASGI server instead.
For more information on production servers see: https://docs.djangoproject.com/en/5.2/howto/deployment/
Performing system checks...

System check identified no issues (0 silenced).
May 01, 2026 - 09:49:02
Django version 5.2.4, using settings 'restaurant_backend.settings'
Starting development server at http://0.0.0.0:8080/
Quit the server with CTRL-BREAK.

WARNING: This is a development server. Do not use it in a production setting. Use a production WSGI or ASGI server instead.
For more information on production servers see: https://docs.djangoproject.com/en/5.2/howto/deployment/
Performing system checks...

System check identified no issues (0 silenced).
May 11, 2026 - 00:37:38
Django version 5.2.4, using settings 'restaurant_backend.settings'
Starting development server at http://0.0.0.0:8080/
Quit the server with CTRL-BREAK.

WARNING: This is a development server. Do not use it in a production setting. Use a production WSGI or ASGI server instead.
For more information on production servers see: https://docs.djangoproject.com/en/5.2/howto/deployment/
Performing system checks...

System check identified no issues (0 silenced).
May 13, 2026 - 00:04:20
Django version 5.2.4, using settings 'restaurant_backend.settings'
Starting development server at http://0.0.0.0:8080/
Quit the server with CTRL-BREAK.

WARNING: This is a development server. Do not use it in a production setting. Use a production WSGI or ASGI server instead.
For more information on production servers see: https://docs.djangoproject.com/en/5.2/howto/deployment/
Performing system checks...

System check identified no issues (0 silenced).
May 14, 2026 - 20:54:58
Django version 5.2.4, using settings 'restaurant_backend.settings'
Starting development server at http://0.0.0.0:8080/
Quit the server with CTRL-BREAK.

WARNING: This is a development server. Do not use it in a production setting. Use a production WSGI or ASGI server instead.
For more information on production servers see: https://docs.djangoproject.com/en/5.2/howto/deployment/
Performing system checks...

System check identified no issues (0 silenced).
May 18, 2026 - 12:35:57
Django version 5.2.4, using settings 'restaurant_backend.settings'
Starting development server at http://0.0.0.0:8080/
Quit the server with CTRL-BREAK.

WARNING: This is a development server. Do not use it in a production setting. Use a production WSGI or ASGI server instead.
For more information on production servers see: https://docs.djangoproject.com/en/5.2/howto/deployment/
Performing system checks...

System check identified no issues (0 silenced).
May 18, 2026 - 16:07:52
Django version 5.2.4, using settings 'restaurant_backend.settings'
Starting development server at http://0.0.0.0:8080/
Quit the server with CTRL-BREAK.

WARNING: This is a development server. Do not use it in a production setting. Use a production WSGI or ASGI server instead.
For more information on production servers see: https://docs.djangoproject.com/en/5.2/howto/deployment/
Performing system checks...

System check identified no issues (0 silenced).
May 30, 2026 - 19:03:27
Django version 5.2.4, using settings 'restaurant_backend.settings'
Starting development server at http://0.0.0.0:8080/
Quit the server with CTRL-BREAK.

WARNING: This is a development server. Do not use it in a production setting. Use a production WSGI or ASGI server instead.
For more information on production servers see: https://docs.djangoproject.com/en/5.2/howto/deployment/
Performing system checks...

System check identified no issues (0 silenced).
May 30, 2026 - 19:07:39
Django version 5.2.4, using settings 'restaurant_backend.settings'
Starting development server at http://0.0.0.0:8080/
Quit the server with CTRL-BREAK.

WARNING: This is a development server. Do not use it in a production setting. Use a production WSGI or ASGI server instead.
For more information on production servers see: https://docs.djangoproject.com/en/5.2/howto/deployment/
Performing system checks...

System check identified no issues (0 silenced).
May 31, 2026 - 11:48:51
Django version 5.2.4, using settings 'restaurant_backend.settings'
Starting development server at http://0.0.0.0:8080/
Quit the server with CTRL-BREAK.

WARNING: This is a development server. Do not use it in a production setting. Use a production WSGI or ASGI server instead.
For more information on production servers see: https://docs.djangoproject.com/en/5.2/howto/deployment/
Performing system checks...

System check identified no issues (0 silenced).
May 31, 2026 - 12:00:06
Django version 5.2.4, using settings 'restaurant_backend.settings'
Starting development server at http://0.0.0.0:8080/
Quit the server with CTRL-BREAK.

WARNING: This is a development server. Do not use it in a production setting. Use a production WSGI or ASGI server instead.
For more information on production servers see: https://docs.djangoproject.com/en/5.2/howto/deployment/
